{"contracts/base64.sol":{"l":{"11":8,"14":8,"17":8,"20":8,"22":8,"61":8},"path":"/Users/luomiao/crypto/project/SimEvolution/contract/contracts/base64.sol","s":{"1":8,"2":0,"3":8,"4":8,"5":8,"6":8},"b":{"1":[0,8]},"f":{"1":8},"fnMap":{"1":{"name":"encode","line":10,"loc":{"start":{"line":10,"column":4},"end":{"line":62,"column":4}}}},"statementMap":{"1":{"start":{"line":11,"column":8},"end":{"line":11,"column":39}},"2":{"start":{"line":11,"column":30},"end":{"line":11,"column":39}},"3":{"start":{"line":14,"column":8},"end":{"line":14,"column":35}},"4":{"start":{"line":17,"column":8},"end":{"line":17,"column":56}},"5":{"start":{"line":20,"column":8},"end":{"line":20,"column":58}},"6":{"start":{"line":61,"column":8},"end":{"line":61,"column":21}}},"branchMap":{"1":{"line":11,"type":"if","locations":[{"start":{"line":11,"column":8},"end":{"line":11,"column":8}},{"start":{"line":11,"column":8},"end":{"line":11,"column":8}}]}}},"contracts/Evolution.sol":{"l":{"50":40,"54":40,"58":40,"62":4,"63":4,"64":4,"65":4,"66":4,"67":4,"68":4,"69":4,"70":4,"71":4,"72":4,"73":4,"74":4,"75":4,"76":4,"77":4,"78":4,"79":4,"80":4,"81":4,"82":4,"83":4,"85":4,"89":4,"90":4,"91":4,"92":4,"93":4,"94":4,"95":4,"96":4,"97":4,"98":4,"99":4,"100":4,"101":4,"102":4,"103":4,"104":4,"105":4,"106":4,"107":4,"108":4,"109":4,"110":4,"112":4,"116":4,"118":4,"119":4,"121":4,"122":4,"123":4,"125":4,"126":4,"127":4,"129":4,"130":4,"132":4,"136":4,"137":4,"138":4,"139":4,"140":4,"141":4,"142":4,"143":4,"144":4,"145":4,"149":4,"150":4,"151":4,"155":0,"156":0,"157":0,"164":4,"173":0},"path":"/Users/luomiao/crypto/project/SimEvolution/contract/contracts/Evolution.sol","s":{"1":40,"2":40,"3":40,"4":4,"5":4,"6":4,"7":4,"8":4,"9":4,"10":4,"11":4,"12":4,"13":4,"14":4,"15":4,"16":4,"17":4,"18":4,"19":4,"20":4,"21":4,"22":4,"23":4,"24":4,"25":4,"26":4,"27":4,"28":4,"29":4,"30":4,"31":4,"32":4,"33":4,"34":4,"35":4,"36":4,"37":4,"38":4,"39":4,"40":4,"41":4,"42":4,"43":4,"44":4,"45":4,"46":4,"47":4,"48":4,"49":4,"50":4,"51":4,"52":4,"53":4,"54":4,"55":4,"56":4,"57":4,"58":4,"59":4,"60":4,"61":4,"62":4,"63":4,"64":4,"65":4,"66":4,"67":4,"68":4,"69":4,"70":4,"71":4,"72":4,"73":4,"74":4,"75":0,"76":0,"77":0,"78":4,"79":0},"b":{"1":[4,0],"2":[4,0],"3":[0,0]},"f":{"1":3,"2":40,"3":40,"4":40,"5":4,"6":4,"7":4,"8":4,"9":4,"10":0,"11":4,"12":0},"fnMap":{"1":{"name":"constructor","line":21,"loc":{"start":{"line":21,"column":4},"end":{"line":21,"column":48}}},"2":{"name":"indexFor","line":49,"loc":{"start":{"line":49,"column":4},"end":{"line":51,"column":4}}},"3":{"name":"_getRandomSeed","line":53,"loc":{"start":{"line":53,"column":4},"end":{"line":55,"column":4}}},"4":{"name":"generateAttribute","line":57,"loc":{"start":{"line":57,"column":4},"end":{"line":59,"column":4}}},"5":{"name":"_makeParts","line":61,"loc":{"start":{"line":61,"column":4},"end":{"line":86,"column":4}}},"6":{"name":"_makeAttributeParts","line":88,"loc":{"start":{"line":88,"column":4},"end":{"line":113,"column":4}}},"7":{"name":"tokenURI","line":115,"loc":{"start":{"line":115,"column":4},"end":{"line":133,"column":4}}},"8":{"name":"randomiseAttributes","line":135,"loc":{"start":{"line":135,"column":4},"end":{"line":146,"column":4}}},"9":{"name":"mint","line":148,"loc":{"start":{"line":148,"column":4},"end":{"line":152,"column":4}}},"10":{"name":"mintForOwner","line":154,"loc":{"start":{"line":154,"column":4},"end":{"line":158,"column":4}}},"11":{"name":"_beforeTokenTransfer","line":160,"loc":{"start":{"line":160,"column":4},"end":{"line":165,"column":4}}},"12":{"name":"supportsInterface","line":167,"loc":{"start":{"line":167,"column":4},"end":{"line":174,"column":4}}}},"statementMap":{"1":{"start":{"line":50,"column":8},"end":{"line":50,"column":67}},"2":{"start":{"line":54,"column":8},"end":{"line":54,"column":110}},"3":{"start":{"line":58,"column":8},"end":{"line":58,"column":58}},"4":{"start":{"line":62,"column":8},"end":{"line":62,"column":31}},"5":{"start":{"line":63,"column":8},"end":{"line":63,"column":274}},"6":{"start":{"line":64,"column":8},"end":{"line":64,"column":49}},"7":{"start":{"line":65,"column":8},"end":{"line":65,"column":59}},"8":{"start":{"line":66,"column":8},"end":{"line":66,"column":59}},"9":{"start":{"line":67,"column":8},"end":{"line":67,"column":59}},"10":{"start":{"line":68,"column":8},"end":{"line":68,"column":49}},"11":{"start":{"line":69,"column":8},"end":{"line":69,"column":59}},"12":{"start":{"line":70,"column":8},"end":{"line":70,"column":57}},"13":{"start":{"line":71,"column":8},"end":{"line":71,"column":60}},"14":{"start":{"line":72,"column":8},"end":{"line":72,"column":57}},"15":{"start":{"line":73,"column":8},"end":{"line":73,"column":61}},"16":{"start":{"line":74,"column":8},"end":{"line":74,"column":66}},"17":{"start":{"line":75,"column":8},"end":{"line":75,"column":61}},"18":{"start":{"line":76,"column":8},"end":{"line":76,"column":56}},"19":{"start":{"line":77,"column":8},"end":{"line":77,"column":61}},"20":{"start":{"line":78,"column":8},"end":{"line":78,"column":59}},"21":{"start":{"line":79,"column":8},"end":{"line":79,"column":61}},"22":{"start":{"line":80,"column":8},"end":{"line":80,"column":64}},"23":{"start":{"line":81,"column":8},"end":{"line":81,"column":61}},"24":{"start":{"line":82,"column":8},"end":{"line":82,"column":60}},"25":{"start":{"line":83,"column":8},"end":{"line":83,"column":34}},"26":{"start":{"line":85,"column":8},"end":{"line":85,"column":20}},"27":{"start":{"line":89,"column":8},"end":{"line":89,"column":35}},"28":{"start":{"line":90,"column":8},"end":{"line":90,"column":59}},"29":{"start":{"line":91,"column":8},"end":{"line":91,"column":30}},"30":{"start":{"line":92,"column":8},"end":{"line":92,"column":68}},"31":{"start":{"line":93,"column":8},"end":{"line":93,"column":30}},"32":{"start":{"line":94,"column":8},"end":{"line":94,"column":63}},"33":{"start":{"line":95,"column":8},"end":{"line":95,"column":30}},"34":{"start":{"line":96,"column":8},"end":{"line":96,"column":67}},"35":{"start":{"line":97,"column":8},"end":{"line":97,"column":30}},"36":{"start":{"line":98,"column":8},"end":{"line":98,"column":67}},"37":{"start":{"line":99,"column":8},"end":{"line":99,"column":30}},"38":{"start":{"line":100,"column":8},"end":{"line":100,"column":72}},"39":{"start":{"line":101,"column":8},"end":{"line":101,"column":32}},"40":{"start":{"line":102,"column":8},"end":{"line":102,"column":67}},"41":{"start":{"line":103,"column":8},"end":{"line":103,"column":32}},"42":{"start":{"line":104,"column":8},"end":{"line":104,"column":68}},"43":{"start":{"line":105,"column":8},"end":{"line":105,"column":32}},"44":{"start":{"line":106,"column":8},"end":{"line":106,"column":71}},"45":{"start":{"line":107,"column":8},"end":{"line":107,"column":32}},"46":{"start":{"line":108,"column":8},"end":{"line":108,"column":69}},"47":{"start":{"line":109,"column":8},"end":{"line":109,"column":32}},"48":{"start":{"line":110,"column":8},"end":{"line":110,"column":29}},"49":{"start":{"line":112,"column":8},"end":{"line":112,"column":24}},"50":{"start":{"line":116,"column":8},"end":{"line":116,"column":68}},"51":{"start":{"line":118,"column":8},"end":{"line":118,"column":53}},"52":{"start":{"line":119,"column":8},"end":{"line":119,"column":70}},"53":{"start":{"line":121,"column":8},"end":{"line":121,"column":145}},"54":{"start":{"line":122,"column":8},"end":{"line":122,"column":124}},"55":{"start":{"line":123,"column":8},"end":{"line":123,"column":103}},"56":{"start":{"line":125,"column":8},"end":{"line":125,"column":239}},"57":{"start":{"line":126,"column":8},"end":{"line":126,"column":202}},"58":{"start":{"line":127,"column":8},"end":{"line":127,"column":161}},"59":{"start":{"line":129,"column":8},"end":{"line":129,"column":283}},"60":{"start":{"line":130,"column":8},"end":{"line":130,"column":79}},"61":{"start":{"line":132,"column":8},"end":{"line":132,"column":21}},"62":{"start":{"line":136,"column":8},"end":{"line":136,"column":91}},"63":{"start":{"line":137,"column":8},"end":{"line":137,"column":106}},"64":{"start":{"line":138,"column":8},"end":{"line":138,"column":91}},"65":{"start":{"line":139,"column":8},"end":{"line":139,"column":103}},"66":{"start":{"line":140,"column":8},"end":{"line":140,"column":103}},"67":{"start":{"line":141,"column":8},"end":{"line":141,"column":115}},"68":{"start":{"line":142,"column":8},"end":{"line":142,"column":100}},"69":{"start":{"line":143,"column":8},"end":{"line":143,"column":104}},"70":{"start":{"line":144,"column":8},"end":{"line":144,"column":112}},"71":{"start":{"line":145,"column":8},"end":{"line":145,"column":106}},"72":{"start":{"line":149,"column":8},"end":{"line":149,"column":101}},"73":{"start":{"line":150,"column":8},"end":{"line":150,"column":35}},"74":{"start":{"line":151,"column":8},"end":{"line":151,"column":37}},"75":{"start":{"line":155,"column":8},"end":{"line":155,"column":105}},"76":{"start":{"line":156,"column":8},"end":{"line":156,"column":35}},"77":{"start":{"line":157,"column":8},"end":{"line":157,"column":37}},"78":{"start":{"line":164,"column":8},"end":{"line":164,"column":52}},"79":{"start":{"line":173,"column":8},"end":{"line":173,"column":51}}},"branchMap":{"1":{"line":116,"type":"if","locations":[{"start":{"line":116,"column":8},"end":{"line":116,"column":8}},{"start":{"line":116,"column":8},"end":{"line":116,"column":8}}]},"2":{"line":149,"type":"if","locations":[{"start":{"line":149,"column":8},"end":{"line":149,"column":8}},{"start":{"line":149,"column":8},"end":{"line":149,"column":8}}]},"3":{"line":155,"type":"if","locations":[{"start":{"line":155,"column":8},"end":{"line":155,"column":8}},{"start":{"line":155,"column":8},"end":{"line":155,"column":8}}]}}}}